<?xml version="1.0" encoding="UTF-8"?>
<testsuite xmlns:xsi="http://www.w3.org/2001/XMLSchema-instance" xsi:noNamespaceSchemaLocation="https://maven.apache.org/surefire/maven-surefire-plugin/xsd/surefire-test-report.xsd" version="3.0.2" name="dev.ropimasi.curso.algafood.AlgafoodApiApplicationTests" time="1.276" tests="1" errors="0" skipped="0" failures="0">
  <properties>
    <property name="java.specification.version" value="17"/>
    <property name="sun.jnu.encoding" value="UTF-8"/>
    <property name="java.class.path" value="/home/habibi/2_OPUS/IT/J-WS/ALGAFOOD_API/target/test-classes:/home/habibi/2_OPUS/IT/J-WS/ALGAFOOD_API/target/classes:/home/habibi/.m2/repository/org/springframework/boot/spring-boot-starter-web/3.4.8/spring-boot-starter-web-3.4.8.jar:/home/habibi/.m2/repository/org/springframework/boot/spring-boot-starter-json/3.4.8/spring-boot-starter-json-3.4.8.jar:/home/habibi/.m2/repository/com/fasterxml/jackson/core/jackson-databind/2.18.4/jackson-databind-2.18.4.jar:/home/habibi/.m2/repository/com/fasterxml/jackson/core/jackson-annotations/2.18.4/jackson-annotations-2.18.4.jar:/home/habibi/.m2/repository/com/fasterxml/jackson/core/jackson-core/2.18.4.1/jackson-core-2.18.4.1.jar:/home/habibi/.m2/repository/com/fasterxml/jackson/datatype/jackson-datatype-jdk8/2.18.4/jackson-datatype-jdk8-2.18.4.jar:/home/habibi/.m2/repository/com/fasterxml/jackson/datatype/jackson-datatype-jsr310/2.18.4/jackson-datatype-jsr310-2.18.4.jar:/home/habibi/.m2/repository/com/fasterxml/jackson/module/jackson-module-parameter-names/2.18.4/jackson-module-parameter-names-2.18.4.jar:/home/habibi/.m2/repository/org/springframework/boot/spring-boot-starter-tomcat/3.4.8/spring-boot-starter-tomcat-3.4.8.jar:/home/habibi/.m2/repository/org/apache/tomcat/embed/tomcat-embed-core/10.1.43/tomcat-embed-core-10.1.43.jar:/home/habibi/.m2/repository/org/apache/tomcat/embed/tomcat-embed-el/10.1.43/tomcat-embed-el-10.1.43.jar:/home/habibi/.m2/repository/org/apache/tomcat/embed/tomcat-embed-websocket/10.1.43/tomcat-embed-websocket-10.1.43.jar:/home/habibi/.m2/repository/org/springframework/spring-web/6.2.9/spring-web-6.2.9.jar:/home/habibi/.m2/repository/org/springframework/spring-beans/6.2.9/spring-beans-6.2.9.jar:/home/habibi/.m2/repository/io/micrometer/micrometer-observation/1.14.9/micrometer-observation-1.14.9.jar:/home/habibi/.m2/repository/io/micrometer/micrometer-commons/1.14.9/micrometer-commons-1.14.9.jar:/home/habibi/.m2/repository/org/springframework/spring-webmvc/6.2.9/spring-webmvc-6.2.9.jar:/home/habibi/.m2/repository/org/springframework/spring-aop/6.2.9/spring-aop-6.2.9.jar:/home/habibi/.m2/repository/org/springframework/spring-context/6.2.9/spring-context-6.2.9.jar:/home/habibi/.m2/repository/org/springframework/spring-expression/6.2.9/spring-expression-6.2.9.jar:/home/habibi/.m2/repository/org/springframework/boot/spring-boot-starter-test/3.4.8/spring-boot-starter-test-3.4.8.jar:/home/habibi/.m2/repository/org/springframework/boot/spring-boot-test/3.4.8/spring-boot-test-3.4.8.jar:/home/habibi/.m2/repository/org/springframework/boot/spring-boot-test-autoconfigure/3.4.8/spring-boot-test-autoconfigure-3.4.8.jar:/home/habibi/.m2/repository/com/jayway/jsonpath/json-path/2.9.0/json-path-2.9.0.jar:/home/habibi/.m2/repository/org/slf4j/slf4j-api/2.0.17/slf4j-api-2.0.17.jar:/home/habibi/.m2/repository/jakarta/xml/bind/jakarta.xml.bind-api/4.0.2/jakarta.xml.bind-api-4.0.2.jar:/home/habibi/.m2/repository/jakarta/activation/jakarta.activation-api/2.1.3/jakarta.activation-api-2.1.3.jar:/home/habibi/.m2/repository/net/minidev/json-smart/2.5.2/json-smart-2.5.2.jar:/home/habibi/.m2/repository/net/minidev/accessors-smart/2.5.2/accessors-smart-2.5.2.jar:/home/habibi/.m2/repository/org/ow2/asm/asm/9.7.1/asm-9.7.1.jar:/home/habibi/.m2/repository/org/assertj/assertj-core/3.26.3/assertj-core-3.26.3.jar:/home/habibi/.m2/repository/net/bytebuddy/byte-buddy/1.15.11/byte-buddy-1.15.11.jar:/home/habibi/.m2/repository/org/awaitility/awaitility/4.2.2/awaitility-4.2.2.jar:/home/habibi/.m2/repository/org/hamcrest/hamcrest/2.2/hamcrest-2.2.jar:/home/habibi/.m2/repository/org/junit/jupiter/junit-jupiter/5.11.4/junit-jupiter-5.11.4.jar:/home/habibi/.m2/repository/org/junit/jupiter/junit-jupiter-api/5.11.4/junit-jupiter-api-5.11.4.jar:/home/habibi/.m2/repository/org/opentest4j/opentest4j/1.3.0/opentest4j-1.3.0.jar:/home/habibi/.m2/repository/org/junit/platform/junit-platform-commons/1.11.4/junit-platform-commons-1.11.4.jar:/home/habibi/.m2/repository/org/apiguardian/apiguardian-api/1.1.2/apiguardian-api-1.1.2.jar:/home/habibi/.m2/repository/org/junit/jupiter/junit-jupiter-params/5.11.4/junit-jupiter-params-5.11.4.jar:/home/habibi/.m2/repository/org/junit/jupiter/junit-jupiter-engine/5.11.4/junit-jupiter-engine-5.11.4.jar:/home/habibi/.m2/repository/org/junit/platform/junit-platform-engine/1.11.4/junit-platform-engine-1.11.4.jar:/home/habibi/.m2/repository/org/mockito/mockito-core/5.14.2/mockito-core-5.14.2.jar:/home/habibi/.m2/repository/net/bytebuddy/byte-buddy-agent/1.15.11/byte-buddy-agent-1.15.11.jar:/home/habibi/.m2/repository/org/objenesis/objenesis/3.3/objenesis-3.3.jar:/home/habibi/.m2/repository/org/mockito/mockito-junit-jupiter/5.14.2/mockito-junit-jupiter-5.14.2.jar:/home/habibi/.m2/repository/org/skyscreamer/jsonassert/1.5.3/jsonassert-1.5.3.jar:/home/habibi/.m2/repository/com/vaadin/external/google/android-json/0.0.20131108.vaadin1/android-json-0.0.20131108.vaadin1.jar:/home/habibi/.m2/repository/org/springframework/spring-core/6.2.9/spring-core-6.2.9.jar:/home/habibi/.m2/repository/org/springframework/spring-jcl/6.2.9/spring-jcl-6.2.9.jar:/home/habibi/.m2/repository/org/springframework/spring-test/6.2.9/spring-test-6.2.9.jar:/home/habibi/.m2/repository/org/xmlunit/xmlunit-core/2.10.3/xmlunit-core-2.10.3.jar:/home/habibi/.m2/repository/org/springframework/boot/spring-boot-starter/3.4.8/spring-boot-starter-3.4.8.jar:/home/habibi/.m2/repository/org/springframework/boot/spring-boot/3.4.8/spring-boot-3.4.8.jar:/home/habibi/.m2/repository/org/springframework/boot/spring-boot-autoconfigure/3.4.8/spring-boot-autoconfigure-3.4.8.jar:/home/habibi/.m2/repository/org/springframework/boot/spring-boot-starter-logging/3.4.8/spring-boot-starter-logging-3.4.8.jar:/home/habibi/.m2/repository/ch/qos/logback/logback-classic/1.5.18/logback-classic-1.5.18.jar:/home/habibi/.m2/repository/ch/qos/logback/logback-core/1.5.18/logback-core-1.5.18.jar:/home/habibi/.m2/repository/org/apache/logging/log4j/log4j-to-slf4j/2.24.3/log4j-to-slf4j-2.24.3.jar:/home/habibi/.m2/repository/org/apache/logging/log4j/log4j-api/2.24.3/log4j-api-2.24.3.jar:/home/habibi/.m2/repository/org/slf4j/jul-to-slf4j/2.0.17/jul-to-slf4j-2.0.17.jar:/home/habibi/.m2/repository/jakarta/annotation/jakarta.annotation-api/2.1.1/jakarta.annotation-api-2.1.1.jar:/home/habibi/.m2/repository/org/yaml/snakeyaml/2.3/snakeyaml-2.3.jar:/home/habibi/.m2/repository/org/springframework/boot/spring-boot-devtools/3.4.8/spring-boot-devtools-3.4.8.jar:/home/habibi/.m2/repository/org/springframework/boot/spring-boot-configuration-processor/3.4.8/spring-boot-configuration-processor-3.4.8.jar:"/>
    <property name="java.vm.vendor" value="Ubuntu"/>
    <property name="sun.arch.data.model" value="64"/>
    <property name="java.vendor.url" value="https://ubuntu.com/"/>
    <property name="user.timezone" value="America/Bahia"/>
    <property name="os.name" value="Linux"/>
    <property name="java.vm.specification.version" value="17"/>
    <property name="APPLICATION_NAME" value="ALGAFOOD_API"/>
    <property name="sun.java.launcher" value="SUN_STANDARD"/>
    <property name="user.country" value="US"/>
    <property name="sun.boot.library.path" value="/usr/lib/jvm/java-17-openjdk-17.0.12+7/lib"/>
    <property name="sun.java.command" value="/home/habibi/2_OPUS/IT/J-WS/ALGAFOOD_API/target/surefire/surefirebooter-20250814172637689_3.jar /home/habibi/2_OPUS/IT/J-WS/ALGAFOOD_API/target/surefire 2025-08-14T17-26-37_612-jvmRun1 surefire-20250814172637689_1tmp surefire_0-20250814172637689_2tmp"/>
    <property name="jdk.debug" value="release"/>
    <property name="surefire.test.class.path" value="/home/habibi/2_OPUS/IT/J-WS/ALGAFOOD_API/target/test-classes:/home/habibi/2_OPUS/IT/J-WS/ALGAFOOD_API/target/classes:/home/habibi/.m2/repository/org/springframework/boot/spring-boot-starter-web/3.4.8/spring-boot-starter-web-3.4.8.jar:/home/habibi/.m2/repository/org/springframework/boot/spring-boot-starter-json/3.4.8/spring-boot-starter-json-3.4.8.jar:/home/habibi/.m2/repository/com/fasterxml/jackson/core/jackson-databind/2.18.4/jackson-databind-2.18.4.jar:/home/habibi/.m2/repository/com/fasterxml/jackson/core/jackson-annotations/2.18.4/jackson-annotations-2.18.4.jar:/home/habibi/.m2/repository/com/fasterxml/jackson/core/jackson-core/2.18.4.1/jackson-core-2.18.4.1.jar:/home/habibi/.m2/repository/com/fasterxml/jackson/datatype/jackson-datatype-jdk8/2.18.4/jackson-datatype-jdk8-2.18.4.jar:/home/habibi/.m2/repository/com/fasterxml/jackson/datatype/jackson-datatype-jsr310/2.18.4/jackson-datatype-jsr310-2.18.4.jar:/home/habibi/.m2/repository/com/fasterxml/jackson/module/jackson-module-parameter-names/2.18.4/jackson-module-parameter-names-2.18.4.jar:/home/habibi/.m2/repository/org/springframework/boot/spring-boot-starter-tomcat/3.4.8/spring-boot-starter-tomcat-3.4.8.jar:/home/habibi/.m2/repository/org/apache/tomcat/embed/tomcat-embed-core/10.1.43/tomcat-embed-core-10.1.43.jar:/home/habibi/.m2/repository/org/apache/tomcat/embed/tomcat-embed-el/10.1.43/tomcat-embed-el-10.1.43.jar:/home/habibi/.m2/repository/org/apache/tomcat/embed/tomcat-embed-websocket/10.1.43/tomcat-embed-websocket-10.1.43.jar:/home/habibi/.m2/repository/org/springframework/spring-web/6.2.9/spring-web-6.2.9.jar:/home/habibi/.m2/repository/org/springframework/spring-beans/6.2.9/spring-beans-6.2.9.jar:/home/habibi/.m2/repository/io/micrometer/micrometer-observation/1.14.9/micrometer-observation-1.14.9.jar:/home/habibi/.m2/repository/io/micrometer/micrometer-commons/1.14.9/micrometer-commons-1.14.9.jar:/home/habibi/.m2/repository/org/springframework/spring-webmvc/6.2.9/spring-webmvc-6.2.9.jar:/home/habibi/.m2/repository/org/springframework/spring-aop/6.2.9/spring-aop-6.2.9.jar:/home/habibi/.m2/repository/org/springframework/spring-context/6.2.9/spring-context-6.2.9.jar:/home/habibi/.m2/repository/org/springframework/spring-expression/6.2.9/spring-expression-6.2.9.jar:/home/habibi/.m2/repository/org/springframework/boot/spring-boot-starter-test/3.4.8/spring-boot-starter-test-3.4.8.jar:/home/habibi/.m2/repository/org/springframework/boot/spring-boot-test/3.4.8/spring-boot-test-3.4.8.jar:/home/habibi/.m2/repository/org/springframework/boot/spring-boot-test-autoconfigure/3.4.8/spring-boot-test-autoconfigure-3.4.8.jar:/home/habibi/.m2/repository/com/jayway/jsonpath/json-path/2.9.0/json-path-2.9.0.jar:/home/habibi/.m2/repository/org/slf4j/slf4j-api/2.0.17/slf4j-api-2.0.17.jar:/home/habibi/.m2/repository/jakarta/xml/bind/jakarta.xml.bind-api/4.0.2/jakarta.xml.bind-api-4.0.2.jar:/home/habibi/.m2/repository/jakarta/activation/jakarta.activation-api/2.1.3/jakarta.activation-api-2.1.3.jar:/home/habibi/.m2/repository/net/minidev/json-smart/2.5.2/json-smart-2.5.2.jar:/home/habibi/.m2/repository/net/minidev/accessors-smart/2.5.2/accessors-smart-2.5.2.jar:/home/habibi/.m2/repository/org/ow2/asm/asm/9.7.1/asm-9.7.1.jar:/home/habibi/.m2/repository/org/assertj/assertj-core/3.26.3/assertj-core-3.26.3.jar:/home/habibi/.m2/repository/net/bytebuddy/byte-buddy/1.15.11/byte-buddy-1.15.11.jar:/home/habibi/.m2/repository/org/awaitility/awaitility/4.2.2/awaitility-4.2.2.jar:/home/habibi/.m2/repository/org/hamcrest/hamcrest/2.2/hamcrest-2.2.jar:/home/habibi/.m2/repository/org/junit/jupiter/junit-jupiter/5.11.4/junit-jupiter-5.11.4.jar:/home/habibi/.m2/repository/org/junit/jupiter/junit-jupiter-api/5.11.4/junit-jupiter-api-5.11.4.jar:/home/habibi/.m2/repository/org/opentest4j/opentest4j/1.3.0/opentest4j-1.3.0.jar:/home/habibi/.m2/repository/org/junit/platform/junit-platform-commons/1.11.4/junit-platform-commons-1.11.4.jar:/home/habibi/.m2/repository/org/apiguardian/apiguardian-api/1.1.2/apiguardian-api-1.1.2.jar:/home/habibi/.m2/repository/org/junit/jupiter/junit-jupiter-params/5.11.4/junit-jupiter-params-5.11.4.jar:/home/habibi/.m2/repository/org/junit/jupiter/junit-jupiter-engine/5.11.4/junit-jupiter-engine-5.11.4.jar:/home/habibi/.m2/repository/org/junit/platform/junit-platform-engine/1.11.4/junit-platform-engine-1.11.4.jar:/home/habibi/.m2/repository/org/mockito/mockito-core/5.14.2/mockito-core-5.14.2.jar:/home/habibi/.m2/repository/net/bytebuddy/byte-buddy-agent/1.15.11/byte-buddy-agent-1.15.11.jar:/home/habibi/.m2/repository/org/objenesis/objenesis/3.3/objenesis-3.3.jar:/home/habibi/.m2/repository/org/mockito/mockito-junit-jupiter/5.14.2/mockito-junit-jupiter-5.14.2.jar:/home/habibi/.m2/repository/org/skyscreamer/jsonassert/1.5.3/jsonassert-1.5.3.jar:/home/habibi/.m2/repository/com/vaadin/external/google/android-json/0.0.20131108.vaadin1/android-json-0.0.20131108.vaadin1.jar:/home/habibi/.m2/repository/org/springframework/spring-core/6.2.9/spring-core-6.2.9.jar:/home/habibi/.m2/repository/org/springframework/spring-jcl/6.2.9/spring-jcl-6.2.9.jar:/home/habibi/.m2/repository/org/springframework/spring-test/6.2.9/spring-test-6.2.9.jar:/home/habibi/.m2/repository/org/xmlunit/xmlunit-core/2.10.3/xmlunit-core-2.10.3.jar:/home/habibi/.m2/repository/org/springframework/boot/spring-boot-starter/3.4.8/spring-boot-starter-3.4.8.jar:/home/habibi/.m2/repository/org/springframework/boot/spring-boot/3.4.8/spring-boot-3.4.8.jar:/home/habibi/.m2/repository/org/springframework/boot/spring-boot-autoconfigure/3.4.8/spring-boot-autoconfigure-3.4.8.jar:/home/habibi/.m2/repository/org/springframework/boot/spring-boot-starter-logging/3.4.8/spring-boot-starter-logging-3.4.8.jar:/home/habibi/.m2/repository/ch/qos/logback/logback-classic/1.5.18/logback-classic-1.5.18.jar:/home/habibi/.m2/repository/ch/qos/logback/logback-core/1.5.18/logback-core-1.5.18.jar:/home/habibi/.m2/repository/org/apache/logging/log4j/log4j-to-slf4j/2.24.3/log4j-to-slf4j-2.24.3.jar:/home/habibi/.m2/repository/org/apache/logging/log4j/log4j-api/2.24.3/log4j-api-2.24.3.jar:/home/habibi/.m2/repository/org/slf4j/jul-to-slf4j/2.0.17/jul-to-slf4j-2.0.17.jar:/home/habibi/.m2/repository/jakarta/annotation/jakarta.annotation-api/2.1.1/jakarta.annotation-api-2.1.1.jar:/home/habibi/.m2/repository/org/yaml/snakeyaml/2.3/snakeyaml-2.3.jar:/home/habibi/.m2/repository/org/springframework/boot/spring-boot-devtools/3.4.8/spring-boot-devtools-3.4.8.jar:/home/habibi/.m2/repository/org/springframework/boot/spring-boot-configuration-processor/3.4.8/spring-boot-configuration-processor-3.4.8.jar:"/>
    <property name="sun.cpu.endian" value="little"/>
    <property name="user.home" value="/home/habibi"/>
    <property name="user.language" value="en"/>
    <property name="java.specification.vendor" value="Oracle Corporation"/>
    <property name="java.version.date" value="2024-07-16"/>
    <property name="java.home" value="/usr/lib/jvm/java-17-openjdk-17.0.12+7"/>
    <property name="file.separator" value="/"/>
    <property name="basedir" value="/home/habibi/2_OPUS/IT/J-WS/ALGAFOOD_API"/>
    <property name="java.vm.compressedOopsMode" value="Zero based"/>
    <property name="line.separator" value="&#10;"/>
    <property name="java.specification.name" value="Java Platform API Specification"/>
    <property name="java.vm.specification.vendor" value="Oracle Corporation"/>
    <property name="FILE_LOG_CHARSET" value="UTF-8"/>
    <property name="java.awt.headless" value="true"/>
    <property name="surefire.real.class.path" value="/home/habibi/2_OPUS/IT/J-WS/ALGAFOOD_API/target/surefire/surefirebooter-20250814172637689_3.jar"/>
    <property name="sun.management.compiler" value="HotSpot 64-Bit Tiered Compilers"/>
    <property name="java.runtime.version" value="17.0.12+7-Ubuntu-1ubuntu224.04"/>
    <property name="user.name" value="habibi"/>
    <property name="path.separator" value=":"/>
    <property name="os.version" value="6.14.0-27-generic"/>
    <property name="java.runtime.name" value="OpenJDK Runtime Environment"/>
    <property name="file.encoding" value="UTF-8"/>
    <property name="java.vm.name" value="OpenJDK 64-Bit Server VM"/>
    <property name="localRepository" value="/home/habibi/.m2/repository"/>
    <property name="java.vendor.url.bug" value="https://bugs.launchpad.net/ubuntu/+source/openjdk-17"/>
    <property name="java.io.tmpdir" value="/tmp"/>
    <property name="java.version" value="17.0.12"/>
    <property name="user.dir" value="/home/habibi/2_OPUS/IT/J-WS/ALGAFOOD_API"/>
    <property name="os.arch" value="amd64"/>
    <property name="java.vm.specification.name" value="Java Virtual Machine Specification"/>
    <property name="PID" value="79218"/>
    <property name="CONSOLE_LOG_CHARSET" value="UTF-8"/>
    <property name="native.encoding" value="UTF-8"/>
    <property name="java.library.path" value="/usr/java/packages/lib:/usr/lib/x86_64-linux-gnu/jni:/lib/x86_64-linux-gnu:/usr/lib/x86_64-linux-gnu:/usr/lib/jni:/lib:/usr/lib"/>
    <property name="java.vm.info" value="mixed mode, sharing"/>
    <property name="java.vendor" value="Ubuntu"/>
    <property name="java.vm.version" value="17.0.12+7-Ubuntu-1ubuntu224.04"/>
    <property name="sun.io.unicode.encoding" value="UnicodeLittle"/>
    <property name="java.class.version" value="61.0"/>
    <property name="LOGGED_APPLICATION_NAME" value="[ALGAFOOD_API] "/>
  </properties>
  <testcase name="contextLoads" classname="dev.ropimasi.curso.algafood.AlgafoodApiApplicationTests" time="0.404">
    <system-out><![CDATA[17:26:38.041 [main] INFO org.springframework.test.context.support.AnnotationConfigContextLoaderUtils -- Could not detect default configuration classes for test class [dev.ropimasi.curso.algafood.AlgafoodApiApplicationTests]: AlgafoodApiApplicationTests does not declare any static, non-private, non-final, nested classes annotated with @Configuration.
17:26:38.096 [main] INFO org.springframework.boot.test.context.SpringBootTestContextBootstrapper -- Found @SpringBootConfiguration dev.ropimasi.curso.algafood.AlgafoodApiApplication for test class dev.ropimasi.curso.algafood.AlgafoodApiApplicationTests
17:26:38.159 [main] INFO org.springframework.boot.devtools.restart.RestartApplicationListener -- Restart disabled due to context in which it is running

  .   ____          _            __ _ _
 /\\ / ___'_ __ _ _(_)_ __  __ _ \ \ \ \
( ( )\___ | '_ | '_| | '_ \/ _` | \ \ \ \
 \\/  ___)| |_)| | | | | || (_| |  ) ) ) )
  '  |____| .__|_| |_|_| |_\__, | / / / /
 =========|_|==============|___/=/_/_/_/

 :: Spring Boot ::                (v3.4.8)

2025-08-14T17:26:38.311-03:00  INFO 79218 --- [ALGAFOOD_API] [           main] d.r.c.a.AlgafoodApiApplicationTests      : Starting AlgafoodApiApplicationTests using Java 17.0.12 with PID 79218 (started by habibi in /home/habibi/2_OPUS/IT/J-WS/ALGAFOOD_API)
2025-08-14T17:26:38.312-03:00  INFO 79218 --- [ALGAFOOD_API] [           main] d.r.c.a.AlgafoodApiApplicationTests      : The following 1 profile is active: "development"
constructor: MeuPrimeiroController: dev.ropimasi.curso.algafood.di.service.AtivacaoClienteService@350a94ce
DEBUG: NotificadorEmail REAL
2025-08-14T17:26:38.827-03:00  INFO 79218 --- [ALGAFOOD_API] [           main] d.r.c.a.AlgafoodApiApplicationTests      : Started AlgafoodApiApplicationTests in 0.673 seconds (process running for 1.094)
]]></system-out>
  </testcase>
</testsuite>